%!Adobe-FontList 1.14
%Locale:0x409

%BeginFont
Handler:DirectoryHandler
FontType:Type1
FontName:AvenirLTStd-Heavy
FamilyName:Avenir LT Std
StyleName:85 Heavy
MenuName:Avenir LT Std 55 Roman
StyleBits:2
WeightClass:700
WidthClass:5
AngleClass:0
FullName:Avenir LT Std 85 Heavy
WritingScript:Roman
OutlineFileName:\AvenirLTStd-Heavy.otf
DataFormat:sfntData
UsesStandardEncoding:yes
isCFF:yes
FileLength:28508
FileModTime:1442240007
DesignSize:120
%EndFont

%BeginFont
Handler:DirectoryHandler
FontType:Type1
FontName:AvenirLTStd-Light
FamilyName:Avenir LT Std
StyleName:35 Light
MenuName:Avenir LT Std 35 Light
StyleBits:0
WeightClass:300
WidthClass:5
AngleClass:0
FullName:Avenir LT Std 35 Light
WritingScript:Roman
OutlineFileName:\AvenirLTStd-Light copy.otf
DataFormat:sfntData
UsesStandardEncoding:yes
isCFF:yes
FileLength:28084
FileModTime:1442240007
DesignSize:120
%EndFont

%BeginFont
Handler:DirectoryHandler
FontType:TrueType
FontName:Baskerville-Bold
FamilyName:Baskerville
StyleName:Bold
MenuName:Baskerville
StyleBits:2
WeightClass:700
WidthClass:5
AngleClass:0
FullName:Baskerville Bold
WritingScript:Roman
OutlineFileName:\Baskerville.ttc
TTCOffset:48
DataFormat:sfntData
FileLength:1241036
FileModTime:1442240007
%EndFont

%BeginFont
Handler:DirectoryHandler
FontType:TrueType
FontName:Baskerville-BoldItalic
FamilyName:Baskerville
StyleName:Bold Italic
MenuName:Baskerville
StyleBits:3
WeightClass:700
WidthClass:5
AngleClass:1
FullName:Baskerville Bold Italic
WritingScript:Roman
OutlineFileName:\Baskerville.ttc
TTCOffset:300
DataFormat:sfntData
FileLength:1241036
FileModTime:1442240007
%EndFont

%BeginFont
Handler:DirectoryHandler
FontType:TrueType
FontName:Baskerville-Italic
FamilyName:Baskerville
StyleName:Italic
MenuName:Baskerville
StyleBits:1
WeightClass:400
WidthClass:5
AngleClass:1
FullName:Baskerville Italic
WritingScript:Roman
OutlineFileName:\Baskerville.ttc
TTCOffset:552
DataFormat:sfntData
FileLength:1241036
FileModTime:1442240007
%EndFont

%BeginFont
Handler:DirectoryHandler
FontType:TrueType
FontName:Baskerville
FamilyName:Baskerville
StyleName:Regular
MenuName:Baskerville
StyleBits:0
WeightClass:400
WidthClass:5
AngleClass:0
FullName:Baskerville
WritingScript:Roman
OutlineFileName:\Baskerville.ttc
TTCOffset:804
DataFormat:sfntData
FileLength:1241036
FileModTime:1442240007
%EndFont

%BeginFont
Handler:DirectoryHandler
FontType:TrueType
FontName:Baskerville-SemiBold
FamilyName:Baskerville
StyleName:SemiBold
MenuName:Baskerville
StyleBits:0
WeightClass:600
WidthClass:5
AngleClass:0
FullName:Baskerville SemiBold
WritingScript:Roman
OutlineFileName:\Baskerville.ttc
TTCOffset:1056
DataFormat:sfntData
FileLength:1241036
FileModTime:1442240007
%EndFont

%BeginFont
Handler:DirectoryHandler
FontType:TrueType
FontName:Baskerville-SemiBoldItalic
FamilyName:Baskerville
StyleName:SemiBold Italic
MenuName:Baskerville
StyleBits:1
WeightClass:600
WidthClass:5
AngleClass:1
FullName:Baskerville SemiBold Italic
WritingScript:Roman
OutlineFileName:\Baskerville.ttc
TTCOffset:1308
DataFormat:sfntData
FileLength:1241036
FileModTime:1442240007
%EndFont

